{"/home/hanan/React Projects/weather-app/src/components/CurrentWeatherModal.jsx": {"path":"/home/hanan/React Projects/weather-app/src/components/CurrentWeatherModal.jsx","statementMap":{"0":{"start":{"line":6,"column":23},"end":{"line":6,"column":null}},"1":{"start":{"line":7,"column":29},"end":{"line":7,"column":null}},"2":{"start":{"line":8,"column":37},"end":{"line":8,"column":null}},"3":{"start":{"line":9,"column":23},"end":{"line":9,"column":null}},"4":{"start":{"line":10,"column":33},"end":{"line":10,"column":null}},"5":{"start":{"line":11,"column":31},"end":{"line":11,"column":null}},"6":{"start":{"line":12,"column":23},"end":{"line":12,"column":null}},"7":{"start":{"line":13,"column":41},"end":{"line":13,"column":null}},"8":{"start":{"line":14,"column":37},"end":{"line":14,"column":null}},"9":{"start":{"line":18,"column":22},"end":{"line":18,"column":null}},"10":{"start":{"line":19,"column":27},"end":{"line":24,"column":null}},"11":{"start":{"line":25,"column":4},"end":{"line":41,"column":null}},"12":{"start":{"line":26,"column":4},"end":{"line":40,"column":null}},"13":{"start":{"line":27,"column":40},"end":{"line":27,"column":null}},"14":{"start":{"line":28,"column":189},"end":{"line":28,"column":null}},"15":{"start":{"line":29,"column":30},"end":{"line":29,"column":null}},"16":{"start":{"line":30,"column":0},"end":{"line":30,"column":null}},"17":{"start":{"line":31,"column":0},"end":{"line":31,"column":null}},"18":{"start":{"line":32,"column":0},"end":{"line":32,"column":null}},"19":{"start":{"line":33,"column":0},"end":{"line":33,"column":null}},"20":{"start":{"line":34,"column":0},"end":{"line":34,"column":null}},"21":{"start":{"line":35,"column":0},"end":{"line":35,"column":null}},"22":{"start":{"line":36,"column":0},"end":{"line":36,"column":null}},"23":{"start":{"line":37,"column":0},"end":{"line":37,"column":null}},"24":{"start":{"line":38,"column":0},"end":{"line":38,"column":null}},"25":{"start":{"line":39,"column":0},"end":{"line":39,"column":null}},"26":{"start":{"line":42,"column":4},"end":{"line":80,"column":null}}},"fnMap":{"0":{"name":"CurrentWeatherModal","decl":{"start":{"line":5,"column":9},"end":{"line":5,"column":29}},"loc":{"start":{"line":5,"column":70},"end":{"line":82,"column":null}},"line":5},"1":{"name":"(anonymous_1)","decl":{"start":{"line":25,"column":14},"end":{"line":25,"column":24}},"loc":{"start":{"line":25,"column":24},"end":{"line":41,"column":6}},"line":25}},"branchMap":{"0":{"loc":{"start":{"line":26,"column":4},"end":{"line":40,"column":null}},"type":"if","locations":[{"start":{"line":26,"column":4},"end":{"line":40,"column":null}},{"start":{},"end":{}}],"line":26},"1":{"loc":{"start":{"line":26,"column":7},"end":{"line":26,"column":36}},"type":"binary-expr","locations":[{"start":{"line":26,"column":7},"end":{"line":26,"column":22}},{"start":{"line":26,"column":22},"end":{"line":26,"column":36}}],"line":26}},"s":{"0":16,"1":16,"2":16,"3":16,"4":16,"5":16,"6":16,"7":16,"8":16,"9":16,"10":16,"11":16,"12":8,"13":8,"14":8,"15":8,"16":8,"17":8,"18":8,"19":8,"20":8,"21":8,"22":8,"23":8,"24":8,"25":8,"26":16},"f":{"0":16,"1":8},"b":{"0":[8,0],"1":[8,8]},"meta":{"lastBranch":2,"lastFunction":2,"lastStatement":27,"seen":{"f:5:9:5:29":0,"s:6:23:6:Infinity":0,"s:7:29:7:Infinity":1,"s:8:37:8:Infinity":2,"s:9:23:9:Infinity":3,"s:10:33:10:Infinity":4,"s:11:31:11:Infinity":5,"s:12:23:12:Infinity":6,"s:13:41:13:Infinity":7,"s:14:37:14:Infinity":8,"s:18:22:18:Infinity":9,"s:19:27:24:Infinity":10,"s:25:4:41:Infinity":11,"f:25:14:25:24":1,"b:26:4:40:Infinity:undefined:undefined:undefined:undefined":0,"s:26:4:40:Infinity":12,"b:26:7:26:22:26:22:26:36":1,"s:27:40:27:Infinity":13,"s:28:189:28:Infinity":14,"s:29:30:29:Infinity":15,"s:30:0:30:Infinity":16,"s:31:0:31:Infinity":17,"s:32:0:32:Infinity":18,"s:33:0:33:Infinity":19,"s:34:0:34:Infinity":20,"s:35:0:35:Infinity":21,"s:36:0:36:Infinity":22,"s:37:0:37:Infinity":23,"s:38:0:38:Infinity":24,"s:39:0:39:Infinity":25,"s:42:4:80:Infinity":26}}}
,"/home/hanan/React Projects/weather-app/src/components/DailyWeatherForecast.jsx": {"path":"/home/hanan/React Projects/weather-app/src/components/DailyWeatherForecast.jsx","statementMap":{"0":{"start":{"line":6,"column":0},"end":{"line":6,"column":null}},"1":{"start":{"line":8,"column":4},"end":{"line":10,"column":null}},"2":{"start":{"line":9,"column":8},"end":{"line":9,"column":null}},"3":{"start":{"line":13,"column":4},"end":{"line":35,"column":null}},"4":{"start":{"line":18,"column":20},"end":{"line":29,"column":null}}},"fnMap":{"0":{"name":"DailyWeatherForecast","decl":{"start":{"line":3,"column":9},"end":{"line":3,"column":30}},"loc":{"start":{"line":3,"column":78},"end":{"line":37,"column":null}},"line":3},"1":{"name":"(anonymous_1)","decl":{"start":{"line":17,"column":41},"end":{"line":17,"column":42}},"loc":{"start":{"line":17,"column":53},"end":{"line":31,"column":17}},"line":17}},"branchMap":{"0":{"loc":{"start":{"line":8,"column":4},"end":{"line":10,"column":null}},"type":"if","locations":[{"start":{"line":8,"column":4},"end":{"line":10,"column":null}},{"start":{},"end":{}}],"line":8}},"s":{"0":5,"1":5,"2":0,"3":5,"4":35},"f":{"0":5,"1":35},"b":{"0":[0,5]},"meta":{"lastBranch":1,"lastFunction":2,"lastStatement":5,"seen":{"f:3:9:3:30":0,"s:6:0:6:Infinity":0,"b:8:4:10:Infinity:undefined:undefined:undefined:undefined":0,"s:8:4:10:Infinity":1,"s:9:8:9:Infinity":2,"s:13:4:35:Infinity":3,"f:17:41:17:42":1,"s:18:20:29:Infinity":4}}}
,"/home/hanan/React Projects/weather-app/src/components/Header.jsx": {"path":"/home/hanan/React Projects/weather-app/src/components/Header.jsx","statementMap":{"0":{"start":{"line":5,"column":39},"end":{"line":5,"column":null}},"1":{"start":{"line":10,"column":0},"end":{"line":10,"column":null}},"2":{"start":{"line":10,"column":26},"end":{"line":10,"column":35}},"3":{"start":{"line":13,"column":6},"end":{"line":13,"column":null}},"4":{"start":{"line":14,"column":6},"end":{"line":14,"column":null}},"5":{"start":{"line":15,"column":6},"end":{"line":15,"column":null}},"6":{"start":{"line":15,"column":25},"end":{"line":15,"column":29}},"7":{"start":{"line":17,"column":2},"end":{"line":81,"column":null}},"8":{"start":{"line":21,"column":142},"end":{"line":21,"column":null}},"9":{"start":{"line":34,"column":12},"end":{"line":34,"column":null}},"10":{"start":{"line":42,"column":12},"end":{"line":42,"column":null}},"11":{"start":{"line":51,"column":11},"end":{"line":51,"column":null}},"12":{"start":{"line":58,"column":14},"end":{"line":58,"column":null}},"13":{"start":{"line":67,"column":10},"end":{"line":67,"column":null}},"14":{"start":{"line":74,"column":10},"end":{"line":74,"column":null}}},"fnMap":{"0":{"name":"Header","decl":{"start":{"line":4,"column":9},"end":{"line":4,"column":16}},"loc":{"start":{"line":4,"column":205},"end":{"line":83,"column":null}},"line":4},"1":{"name":"handleDropDown","decl":{"start":{"line":9,"column":13},"end":{"line":9,"column":29}},"loc":{"start":{"line":9,"column":29},"end":{"line":11,"column":null}},"line":9},"2":{"name":"(anonymous_2)","decl":{"start":{"line":10,"column":16},"end":{"line":10,"column":26}},"loc":{"start":{"line":10,"column":26},"end":{"line":10,"column":35}},"line":10},"3":{"name":"handleOptionClick","decl":{"start":{"line":12,"column":13},"end":{"line":12,"column":31}},"loc":{"start":{"line":12,"column":58},"end":{"line":16,"column":null}},"line":12},"4":{"name":"(anonymous_4)","decl":{"start":{"line":15,"column":20},"end":{"line":15,"column":25}},"loc":{"start":{"line":15,"column":25},"end":{"line":15,"column":29}},"line":15},"5":{"name":"(anonymous_5)","decl":{"start":{"line":21,"column":138},"end":{"line":21,"column":142}},"loc":{"start":{"line":21,"column":142},"end":{"line":21,"column":null}},"line":21},"6":{"name":"(anonymous_6)","decl":{"start":{"line":33,"column":218},"end":{"line":33,"column":222}},"loc":{"start":{"line":33,"column":222},"end":{"line":35,"column":null}},"line":33},"7":{"name":"(anonymous_7)","decl":{"start":{"line":41,"column":260},"end":{"line":41,"column":264}},"loc":{"start":{"line":41,"column":264},"end":{"line":43,"column":null}},"line":41},"8":{"name":"(anonymous_8)","decl":{"start":{"line":50,"column":198},"end":{"line":50,"column":202}},"loc":{"start":{"line":50,"column":202},"end":{"line":52,"column":null}},"line":50},"9":{"name":"(anonymous_9)","decl":{"start":{"line":56,"column":253},"end":{"line":56,"column":null}},"loc":{"start":{"line":57,"column":12},"end":{"line":59,"column":null}},"line":57},"10":{"name":"(anonymous_10)","decl":{"start":{"line":66,"column":215},"end":{"line":66,"column":219}},"loc":{"start":{"line":66,"column":219},"end":{"line":68,"column":null}},"line":66},"11":{"name":"(anonymous_11)","decl":{"start":{"line":73,"column":222},"end":{"line":73,"column":226}},"loc":{"start":{"line":73,"column":226},"end":{"line":75,"column":null}},"line":73}},"branchMap":{"0":{"loc":{"start":{"line":29,"column":243},"end":{"line":29,"column":272}},"type":"cond-expr","locations":[{"start":{"line":29,"column":256},"end":{"line":29,"column":264}},{"start":{"line":29,"column":264},"end":{"line":29,"column":272}}],"line":29},"1":{"loc":{"start":{"line":39,"column":13},"end":{"line":39,"column":null}},"type":"binary-expr","locations":[{"start":{"line":39,"column":13},"end":{"line":39,"column":35}},{"start":{"line":39,"column":35},"end":{"line":39,"column":null}}],"line":39},"2":{"loc":{"start":{"line":45,"column":13},"end":{"line":45,"column":null}},"type":"binary-expr","locations":[{"start":{"line":45,"column":13},"end":{"line":45,"column":36}},{"start":{"line":45,"column":36},"end":{"line":45,"column":null}}],"line":45},"3":{"loc":{"start":{"line":54,"column":13},"end":{"line":54,"column":null}},"type":"binary-expr","locations":[{"start":{"line":54,"column":13},"end":{"line":54,"column":35}},{"start":{"line":54,"column":35},"end":{"line":54,"column":null}}],"line":54},"4":{"loc":{"start":{"line":61,"column":11},"end":{"line":61,"column":null}},"type":"binary-expr","locations":[{"start":{"line":61,"column":11},"end":{"line":61,"column":34}},{"start":{"line":61,"column":34},"end":{"line":61,"column":null}}],"line":61},"5":{"loc":{"start":{"line":70,"column":11},"end":{"line":70,"column":null}},"type":"binary-expr","locations":[{"start":{"line":70,"column":11},"end":{"line":70,"column":38}},{"start":{"line":70,"column":38},"end":{"line":70,"column":null}}],"line":70},"6":{"loc":{"start":{"line":77,"column":13},"end":{"line":77,"column":null}},"type":"binary-expr","locations":[{"start":{"line":77,"column":13},"end":{"line":77,"column":39}},{"start":{"line":77,"column":39},"end":{"line":77,"column":null}}],"line":77}},"s":{"0":12,"1":7,"2":7,"3":3,"4":3,"5":3,"6":0,"7":12,"8":4,"9":0,"10":1,"11":0,"12":1,"13":0,"14":1},"f":{"0":12,"1":7,"2":7,"3":3,"4":0,"5":4,"6":0,"7":1,"8":0,"9":1,"10":0,"11":1},"b":{"0":[4,8],"1":[12,12],"2":[12,0],"3":[12,12],"4":[12,0],"5":[12,12],"6":[12,0]},"meta":{"lastBranch":7,"lastFunction":12,"lastStatement":15,"seen":{"f:4:9:4:16":0,"s:5:39:5:Infinity":0,"f:9:13:9:29":1,"s:10:0:10:Infinity":1,"f:10:16:10:26":2,"s:10:26:10:35":2,"f:12:13:12:31":3,"s:13:6:13:Infinity":3,"s:14:6:14:Infinity":4,"s:15:6:15:Infinity":5,"f:15:20:15:25":4,"s:15:25:15:29":6,"s:17:2:81:Infinity":7,"f:21:138:21:142":5,"s:21:142:21:Infinity":8,"b:29:256:29:264:29:264:29:272":0,"f:33:218:33:222":6,"s:34:12:34:Infinity":9,"b:39:13:39:35:39:35:39:Infinity":1,"f:41:260:41:264":7,"s:42:12:42:Infinity":10,"b:45:13:45:36:45:36:45:Infinity":2,"f:50:198:50:202":8,"s:51:11:51:Infinity":11,"b:54:13:54:35:54:35:54:Infinity":3,"f:56:253:56:Infinity":9,"s:58:14:58:Infinity":12,"b:61:11:61:34:61:34:61:Infinity":4,"f:66:215:66:219":10,"s:67:10:67:Infinity":13,"b:70:11:70:38:70:38:70:Infinity":5,"f:73:222:73:226":11,"s:74:10:74:Infinity":14,"b:77:13:77:39:77:39:77:Infinity":6}}}
,"/home/hanan/React Projects/weather-app/src/components/HourlyForecast.jsx": {"path":"/home/hanan/React Projects/weather-app/src/components/HourlyForecast.jsx","statementMap":{"0":{"start":{"line":4,"column":31},"end":{"line":4,"column":null}},"1":{"start":{"line":6,"column":39},"end":{"line":6,"column":null}},"2":{"start":{"line":7,"column":53},"end":{"line":7,"column":null}},"3":{"start":{"line":8,"column":13},"end":{"line":8,"column":null}},"4":{"start":{"line":8,"column":31},"end":{"line":8,"column":104}},"5":{"start":{"line":10,"column":7},"end":{"line":15,"column":null}},"6":{"start":{"line":11,"column":21},"end":{"line":11,"column":null}},"7":{"start":{"line":12,"column":8},"end":{"line":12,"column":null}},"8":{"start":{"line":13,"column":8},"end":{"line":13,"column":null}},"9":{"start":{"line":18,"column":7},"end":{"line":31,"column":null}},"10":{"start":{"line":22,"column":36},"end":{"line":28,"column":null}},"11":{"start":{"line":23,"column":21},"end":{"line":23,"column":null}},"12":{"start":{"line":24,"column":4},"end":{"line":26,"column":null}},"13":{"start":{"line":25,"column":8},"end":{"line":25,"column":null}},"14":{"start":{"line":27,"column":4},"end":{"line":27,"column":null}},"15":{"start":{"line":29,"column":3},"end":{"line":29,"column":null}},"16":{"start":{"line":34,"column":21},"end":{"line":34,"column":null}},"17":{"start":{"line":35,"column":8},"end":{"line":35,"column":null}},"18":{"start":{"line":41,"column":19},"end":{"line":41,"column":null}},"19":{"start":{"line":42,"column":0},"end":{"line":42,"column":null}},"20":{"start":{"line":43,"column":0},"end":{"line":48,"column":null}},"21":{"start":{"line":45,"column":4},"end":{"line":45,"column":null}},"22":{"start":{"line":46,"column":4},"end":{"line":46,"column":null}},"23":{"start":{"line":52,"column":15},"end":{"line":52,"column":null}},"24":{"start":{"line":53,"column":20},"end":{"line":56,"column":null}},"25":{"start":{"line":57,"column":24},"end":{"line":57,"column":null}},"26":{"start":{"line":58,"column":4},"end":{"line":58,"column":null}},"27":{"start":{"line":61,"column":4},"end":{"line":106,"column":null}},"28":{"start":{"line":69,"column":87},"end":{"line":69,"column":107}},"29":{"start":{"line":73,"column":101},"end":{"line":73,"column":null}},"30":{"start":{"line":89,"column":0},"end":{"line":98,"column":null}}},"fnMap":{"0":{"name":"HourlyForecast","decl":{"start":{"line":3,"column":9},"end":{"line":3,"column":24}},"loc":{"start":{"line":3,"column":63},"end":{"line":108,"column":null}},"line":3},"1":{"name":"(anonymous_1)","decl":{"start":{"line":8,"column":27},"end":{"line":8,"column":31}},"loc":{"start":{"line":8,"column":31},"end":{"line":8,"column":104}},"line":8},"2":{"name":"(anonymous_2)","decl":{"start":{"line":10,"column":17},"end":{"line":10,"column":27}},"loc":{"start":{"line":10,"column":27},"end":{"line":15,"column":9}},"line":10},"3":{"name":"(anonymous_3)","decl":{"start":{"line":18,"column":17},"end":{"line":18,"column":27}},"loc":{"start":{"line":18,"column":27},"end":{"line":31,"column":6}},"line":18},"4":{"name":"(anonymous_4)","decl":{"start":{"line":22,"column":64},"end":{"line":22,"column":65}},"loc":{"start":{"line":22,"column":80},"end":{"line":28,"column":5}},"line":22},"5":{"name":"dayOfTheWeek","decl":{"start":{"line":33,"column":13},"end":{"line":33,"column":27}},"loc":{"start":{"line":33,"column":27},"end":{"line":36,"column":null}},"line":33},"6":{"name":"handleWeekDays","decl":{"start":{"line":40,"column":11},"end":{"line":40,"column":26}},"loc":{"start":{"line":40,"column":32},"end":{"line":49,"column":null}},"line":40},"7":{"name":"formatTime","decl":{"start":{"line":51,"column":11},"end":{"line":51,"column":22}},"loc":{"start":{"line":51,"column":33},"end":{"line":59,"column":null}},"line":51},"8":{"name":"(anonymous_8)","decl":{"start":{"line":69,"column":83},"end":{"line":69,"column":87}},"loc":{"start":{"line":69,"column":87},"end":{"line":69,"column":107}},"line":69},"9":{"name":"(anonymous_9)","decl":{"start":{"line":73,"column":96},"end":{"line":73,"column":97}},"loc":{"start":{"line":73,"column":101},"end":{"line":73,"column":null}},"line":73},"10":{"name":"(anonymous_10)","decl":{"start":{"line":88,"column":41},"end":{"line":88,"column":42}},"loc":{"start":{"line":88,"column":53},"end":{"line":99,"column":17}},"line":88}},"branchMap":{"0":{"loc":{"start":{"line":24,"column":4},"end":{"line":26,"column":null}},"type":"if","locations":[{"start":{"line":24,"column":4},"end":{"line":26,"column":null}},{"start":{},"end":{}}],"line":24},"1":{"loc":{"start":{"line":43,"column":0},"end":{"line":48,"column":null}},"type":"if","locations":[{"start":{"line":43,"column":0},"end":{"line":48,"column":null}},{"start":{},"end":{}}],"line":43},"2":{"loc":{"start":{"line":68,"column":25},"end":{"line":82,"column":null}},"type":"cond-expr","locations":[{"start":{"line":68,"column":37},"end":{"line":71,"column":null}},{"start":{"line":73,"column":21},"end":{"line":82,"column":null}}],"line":68},"3":{"loc":{"start":{"line":69,"column":107},"end":{"line":69,"column":146}},"type":"cond-expr","locations":[{"start":{"line":69,"column":119},"end":{"line":69,"column":131}},{"start":{"line":69,"column":131},"end":{"line":69,"column":146}}],"line":69}},"s":{"0":19,"1":19,"2":19,"3":19,"4":5,"5":19,"6":5,"7":5,"8":5,"9":19,"10":11,"11":1848,"12":1848,"13":144,"14":1848,"15":11,"16":5,"17":5,"18":1,"19":1,"20":1,"21":1,"22":1,"23":216,"24":216,"25":216,"26":216,"27":19,"28":2,"29":1,"30":216},"f":{"0":19,"1":5,"2":5,"3":11,"4":1848,"5":5,"6":1,"7":216,"8":2,"9":1,"10":216},"b":{"0":[144,1704],"1":[1,0],"2":[17,2],"3":[12,5]},"meta":{"lastBranch":4,"lastFunction":11,"lastStatement":31,"seen":{"f:3:9:3:24":0,"s:4:31:4:Infinity":0,"s:6:39:6:Infinity":1,"s:7:53:7:Infinity":2,"s:8:13:8:Infinity":3,"f:8:27:8:31":1,"s:8:31:8:104":4,"s:10:7:15:Infinity":5,"f:10:17:10:27":2,"s:11:21:11:Infinity":6,"s:12:8:12:Infinity":7,"s:13:8:13:Infinity":8,"s:18:7:31:Infinity":9,"f:18:17:18:27":3,"s:22:36:28:Infinity":10,"f:22:64:22:65":4,"s:23:21:23:Infinity":11,"b:24:4:26:Infinity:undefined:undefined:undefined:undefined":0,"s:24:4:26:Infinity":12,"s:25:8:25:Infinity":13,"s:27:4:27:Infinity":14,"s:29:3:29:Infinity":15,"f:33:13:33:27":5,"s:34:21:34:Infinity":16,"s:35:8:35:Infinity":17,"f:40:11:40:26":6,"s:41:19:41:Infinity":18,"s:42:0:42:Infinity":19,"b:43:0:48:Infinity:undefined:undefined:undefined:undefined":1,"s:43:0:48:Infinity":20,"s:45:4:45:Infinity":21,"s:46:4:46:Infinity":22,"f:51:11:51:22":7,"s:52:15:52:Infinity":23,"s:53:20:56:Infinity":24,"s:57:24:57:Infinity":25,"s:58:4:58:Infinity":26,"s:61:4:106:Infinity":27,"b:68:37:71:Infinity:73:21:82:Infinity":2,"f:69:83:69:87":8,"s:69:87:69:107":28,"b:69:119:69:131:69:131:69:146":3,"f:73:96:73:97":9,"s:73:101:73:Infinity":29,"f:88:41:88:42":10,"s:89:0:98:Infinity":30}}}
,"/home/hanan/React Projects/weather-app/src/components/InputBar.jsx": {"path":"/home/hanan/React Projects/weather-app/src/components/InputBar.jsx","statementMap":{"0":{"start":{"line":4,"column":37},"end":{"line":4,"column":null}},"1":{"start":{"line":5,"column":10},"end":{"line":5,"column":null}},"2":{"start":{"line":7,"column":4},"end":{"line":11,"column":null}},"3":{"start":{"line":8,"column":8},"end":{"line":10,"column":null}},"4":{"start":{"line":9,"column":12},"end":{"line":9,"column":null}},"5":{"start":{"line":14,"column":8},"end":{"line":14,"column":null}},"6":{"start":{"line":15,"column":8},"end":{"line":15,"column":null}},"7":{"start":{"line":16,"column":8},"end":{"line":16,"column":null}},"8":{"start":{"line":17,"column":8},"end":{"line":19,"column":null}},"9":{"start":{"line":18,"column":12},"end":{"line":18,"column":null}},"10":{"start":{"line":21,"column":4},"end":{"line":50,"column":null}},"11":{"start":{"line":31,"column":76},"end":{"line":31,"column":106}},"12":{"start":{"line":39,"column":15},"end":{"line":43,"column":null}},"13":{"start":{"line":40,"column":16},"end":{"line":40,"column":null}},"14":{"start":{"line":41,"column":16},"end":{"line":41,"column":null}},"15":{"start":{"line":48,"column":87},"end":{"line":48,"column":168}}},"fnMap":{"0":{"name":"InputBar","decl":{"start":{"line":3,"column":9},"end":{"line":3,"column":18}},"loc":{"start":{"line":3,"column":108},"end":{"line":52,"column":null}},"line":3},"1":{"name":"(anonymous_1)","decl":{"start":{"line":7,"column":14},"end":{"line":7,"column":24}},"loc":{"start":{"line":7,"column":24},"end":{"line":11,"column":6}},"line":7},"2":{"name":"handleButtonSearch","decl":{"start":{"line":12,"column":13},"end":{"line":12,"column":32}},"loc":{"start":{"line":12,"column":38},"end":{"line":20,"column":null}},"line":12},"3":{"name":"(anonymous_3)","decl":{"start":{"line":31,"column":71},"end":{"line":31,"column":72}},"loc":{"start":{"line":31,"column":76},"end":{"line":31,"column":106}},"line":31},"4":{"name":"(anonymous_4)","decl":{"start":{"line":38,"column":291},"end":{"line":38,"column":292}},"loc":{"start":{"line":38,"column":303},"end":{"line":44,"column":null}},"line":38},"5":{"name":"(anonymous_5)","decl":{"start":{"line":39,"column":198},"end":{"line":39,"column":202}},"loc":{"start":{"line":39,"column":202},"end":{"line":43,"column":16}},"line":39},"6":{"name":"(anonymous_6)","decl":{"start":{"line":48,"column":83},"end":{"line":48,"column":87}},"loc":{"start":{"line":48,"column":87},"end":{"line":48,"column":168}},"line":48}},"branchMap":{"0":{"loc":{"start":{"line":8,"column":8},"end":{"line":10,"column":null}},"type":"if","locations":[{"start":{"line":8,"column":8},"end":{"line":10,"column":null}},{"start":{},"end":{}}],"line":8},"1":{"loc":{"start":{"line":17,"column":8},"end":{"line":19,"column":null}},"type":"if","locations":[{"start":{"line":17,"column":8},"end":{"line":19,"column":null}},{"start":{},"end":{}}],"line":17},"2":{"loc":{"start":{"line":31,"column":45},"end":{"line":31,"column":61}},"type":"binary-expr","locations":[{"start":{"line":31,"column":45},"end":{"line":31,"column":57}},{"start":{"line":31,"column":57},"end":{"line":31,"column":61}}],"line":31},"3":{"loc":{"start":{"line":35,"column":13},"end":{"line":37,"column":null}},"type":"binary-expr","locations":[{"start":{"line":35,"column":13},"end":{"line":35,"column":23}},{"start":{"line":35,"column":23},"end":{"line":37,"column":null}}],"line":35},"4":{"loc":{"start":{"line":38,"column":14},"end":{"line":45,"column":null}},"type":"binary-expr","locations":[{"start":{"line":38,"column":14},"end":{"line":38,"column":38}},{"start":{"line":38,"column":38},"end":{"line":38,"column":53}},{"start":{"line":38,"column":53},"end":{"line":45,"column":null}}],"line":38},"5":{"loc":{"start":{"line":48,"column":87},"end":{"line":48,"column":168}},"type":"cond-expr","locations":[{"start":{"line":48,"column":97},"end":{"line":48,"column":127}},{"start":{"line":48,"column":127},"end":{"line":48,"column":168}}],"line":48},"6":{"loc":{"start":{"line":48,"column":328},"end":{"line":48,"column":422}},"type":"cond-expr","locations":[{"start":{"line":48,"column":336},"end":{"line":48,"column":413}},{"start":{"line":48,"column":413},"end":{"line":48,"column":422}}],"line":48}},"s":{"0":12,"1":12,"2":12,"3":9,"4":9,"5":3,"6":3,"7":3,"8":3,"9":2,"10":12,"11":1,"12":4,"13":1,"14":1,"15":4},"f":{"0":12,"1":9,"2":3,"3":1,"4":4,"5":1,"6":4},"b":{"0":[9,0],"1":[2,1],"2":[12,3],"3":[12,1],"4":[12,3,2],"5":[3,1],"6":[1,11]},"meta":{"lastBranch":7,"lastFunction":7,"lastStatement":16,"seen":{"f:3:9:3:18":0,"s:4:37:4:Infinity":0,"s:5:10:5:Infinity":1,"s:7:4:11:Infinity":2,"f:7:14:7:24":1,"b:8:8:10:Infinity:undefined:undefined:undefined:undefined":0,"s:8:8:10:Infinity":3,"s:9:12:9:Infinity":4,"f:12:13:12:32":2,"s:14:8:14:Infinity":5,"s:15:8:15:Infinity":6,"s:16:8:16:Infinity":7,"b:17:8:19:Infinity:undefined:undefined:undefined:undefined":1,"s:17:8:19:Infinity":8,"s:18:12:18:Infinity":9,"s:21:4:50:Infinity":10,"b:31:45:31:57:31:57:31:61":2,"f:31:71:31:72":3,"s:31:76:31:106":11,"b:35:13:35:23:35:23:37:Infinity":3,"b:38:14:38:38:38:38:38:53:38:53:45:Infinity":4,"f:38:291:38:292":4,"s:39:15:43:Infinity":12,"f:39:198:39:202":5,"s:40:16:40:Infinity":13,"s:41:16:41:Infinity":14,"f:48:83:48:87":6,"s:48:87:48:168":15,"b:48:97:48:127:48:127:48:168":5,"b:48:336:48:413:48:413:48:422":6}}}
}
